C:\DEVSPACES\VSPROJECTS\CPP_CXP_API\DEBUG\SERIALIZED_MESSAGE.OBJ
C:\DEVSPACES\VSPROJECTS\CPP_CXP_API\DEBUG\IO_SERVICE_POOL.OBJ
C:\DEVSPACES\VSPROJECTS\CPP_CXP_API\DEBUG\SOCKET_EXCEPTION.OBJ
C:\DEVSPACES\VSPROJECTS\CPP_CXP_API\DEBUG\NETWORK_IO.OBJ
C:\DEVSPACES\VSPROJECTS\CPP_CXP_API\DEBUG\SERVER_CONFIG.OBJ
C:\DEVSPACES\VSPROJECTS\CPP_CXP_API\DEBUG\SERVER_EXCHANGE.PB.OBJ
C:\DEVSPACES\VSPROJECTS\CPP_CXP_API\DEBUG\COM_HELPER.OBJ
C:\DEVSPACES\VSPROJECTS\CPP_CXP_API\DEBUG\TEXT_TO_SPEECH_WINDOWS.OBJ
C:\DEVSPACES\VSPROJECTS\CPP_CXP_API\DEBUG\VOICE_RECOGNITION_WINDOWS.OBJ
C:\DEVSPACES\VSPROJECTS\CPP_CXP_API\DEBUG\VOICE_RECOGNITION_UNIX.OBJ
C:\DEVSPACES\VSPROJECTS\CPP_CXP_API\DEBUG\TEXT_TO_SPEECH_UNIX.OBJ
C:\DEVSPACES\VSPROJECTS\CPP_CXP_API\DEBUG\TTS_EXCEPTION.OBJ
C:\DEVSPACES\VSPROJECTS\CPP_CXP_API\DEBUG\VR_EXCEPTION.OBJ
C:\DEVSPACES\VSPROJECTS\CPP_CXP_API\DEBUG\TCP_SERVER.OBJ
C:\DEVSPACES\VSPROJECTS\CPP_CXP_API\DEBUG\TCP_CONNECTION.OBJ
C:\DEVSPACES\VSPROJECTS\CPP_CXP_API\DEBUG\VC110.PDB
C:\DEVSPACES\VSPROJECTS\UREMOTESERVER\LIB\DEBUG\CPP_CXP_API.LIB
C:\DevSpaces\VSProjects\cpp_cxp_api\Debug\com_helper.obj
C:\DevSpaces\VSProjects\cpp_cxp_api\Debug\io_service_pool.obj
C:\DevSpaces\VSProjects\cpp_cxp_api\Debug\network_io.obj
C:\DevSpaces\VSProjects\cpp_cxp_api\Debug\serialized_message.obj
C:\DevSpaces\VSProjects\cpp_cxp_api\Debug\server_config.obj
C:\DevSpaces\VSProjects\cpp_cxp_api\Debug\server_exchange.pb.obj
C:\DevSpaces\VSProjects\cpp_cxp_api\Debug\socket_exception.obj
C:\DevSpaces\VSProjects\cpp_cxp_api\Debug\tcp_connection.obj
C:\DevSpaces\VSProjects\cpp_cxp_api\Debug\tcp_server.obj
C:\DevSpaces\VSProjects\cpp_cxp_api\Debug\text_to_speech_unix.obj
C:\DevSpaces\VSProjects\cpp_cxp_api\Debug\text_to_speech_windows.obj
C:\DevSpaces\VSProjects\cpp_cxp_api\Debug\tts_exception.obj
C:\DevSpaces\VSProjects\cpp_cxp_api\Debug\voice_recognition_unix.obj
C:\DevSpaces\VSProjects\cpp_cxp_api\Debug\voice_recognition_windows.obj
C:\DevSpaces\VSProjects\cpp_cxp_api\Debug\vr_exception.obj
C:\DevSpaces\VSProjects\cpp_cxp_api\Debug\cl.command.1.tlog
C:\DevSpaces\VSProjects\cpp_cxp_api\Debug\CL.read.1.tlog
C:\DevSpaces\VSProjects\cpp_cxp_api\Debug\CL.write.1.tlog
C:\DevSpaces\VSProjects\cpp_cxp_api\Debug\Lib-link.read.1.tlog
C:\DevSpaces\VSProjects\cpp_cxp_api\Debug\Lib-link.write.1.tlog
C:\DevSpaces\VSProjects\cpp_cxp_api\Debug\lib.command.1.tlog
C:\DevSpaces\VSProjects\cpp_cxp_api\Debug\vc110.idb
C:\DevSpaces\VSProjects\cpp_cxp_api\Debug\vc110.pdb
C:\DevSpaces\VSProjects\URemoteServer\lib\Debug\cpp_cxp_api.lib
