C:\DEVSPACES\VSPROJECTS\UREMOTESERVER\CPPAPI\DEBUG\SOCKET_EXCEPTION.OBJ
C:\DEVSPACES\VSPROJECTS\UREMOTESERVER\CPPAPI\DEBUG\NETWORK_IO.OBJ
C:\DEVSPACES\VSPROJECTS\UREMOTESERVER\CPPAPI\DEBUG\SERVER_CONFIG.OBJ
C:\DEVSPACES\VSPROJECTS\UREMOTESERVER\CPPAPI\DEBUG\SERVER_EXCHANGE.PB.OBJ
C:\DEVSPACES\VSPROJECTS\UREMOTESERVER\CPPAPI\DEBUG\COM_HELPER.OBJ
C:\DEVSPACES\VSPROJECTS\UREMOTESERVER\CPPAPI\DEBUG\NETWORK_IO_WINDOWS.OBJ
C:\DEVSPACES\VSPROJECTS\UREMOTESERVER\CPPAPI\DEBUG\TEXT_TO_SPEECH_WINDOWS.OBJ
C:\DEVSPACES\VSPROJECTS\UREMOTESERVER\CPPAPI\DEBUG\VOICE_RECOGNITION_WINDOWS.OBJ
C:\DEVSPACES\VSPROJECTS\UREMOTESERVER\CPPAPI\DEBUG\VOICE_RECOGNITION_UNIX.OBJ
C:\DEVSPACES\VSPROJECTS\UREMOTESERVER\CPPAPI\DEBUG\TEXT_TO_SPEECH_UNIX.OBJ
C:\DEVSPACES\VSPROJECTS\UREMOTESERVER\CPPAPI\DEBUG\TTS_EXCEPTION.OBJ
C:\DEVSPACES\VSPROJECTS\UREMOTESERVER\CPPAPI\DEBUG\VR_EXCEPTION.OBJ
C:\DEVSPACES\VSPROJECTS\UREMOTESERVER\CPPAPI\DEBUG\WINSOCK_HELPER.OBJ
C:\DEVSPACES\VSPROJECTS\UREMOTESERVER\CPPAPI\DEBUG\TCP_SERVER.OBJ
C:\DEVSPACES\VSPROJECTS\UREMOTESERVER\CPPAPI\DEBUG\VC110.PDB
C:\DEVSPACES\VSPROJECTS\UREMOTESERVER\CPPAPI\DEBUG\IO_SERVICE_POOL.OBJ
C:\DEVSPACES\VSPROJECTS\UREMOTESERVER\CPPAPI\DEBUG\SERIALIZED_MESSAGE.OBJ
C:\DEVSPACES\VSPROJECTS\UREMOTESERVER\CPPAPI\DEBUG\TCP_CONNECTION.OBJ
C:\DEVSPACES\VSPROJECTS\UREMOTESERVER\LIB\DEBUG\CPPAPI.LIB
C:\DevSpaces\VSProjects\URemoteServer\CppAPI\Debug\CppAPI.vcxprojResolveAssemblyReference.cache
C:\DevSpaces\VSProjects\URemoteServer\CppAPI\Debug\com_helper.obj
C:\DevSpaces\VSProjects\URemoteServer\CppAPI\Debug\io_service_pool.obj
C:\DevSpaces\VSProjects\URemoteServer\CppAPI\Debug\network_io.obj
C:\DevSpaces\VSProjects\URemoteServer\CppAPI\Debug\network_io_windows.obj
C:\DevSpaces\VSProjects\URemoteServer\CppAPI\Debug\serialized_message.obj
C:\DevSpaces\VSProjects\URemoteServer\CppAPI\Debug\server_config.obj
C:\DevSpaces\VSProjects\URemoteServer\CppAPI\Debug\server_exchange.pb.obj
C:\DevSpaces\VSProjects\URemoteServer\CppAPI\Debug\socket_exception.obj
C:\DevSpaces\VSProjects\URemoteServer\CppAPI\Debug\tcp_connection.obj
C:\DevSpaces\VSProjects\URemoteServer\CppAPI\Debug\tcp_server.obj
C:\DevSpaces\VSProjects\URemoteServer\CppAPI\Debug\text_to_speech_unix.obj
C:\DevSpaces\VSProjects\URemoteServer\CppAPI\Debug\text_to_speech_windows.obj
C:\DevSpaces\VSProjects\URemoteServer\CppAPI\Debug\tts_exception.obj
C:\DevSpaces\VSProjects\URemoteServer\CppAPI\Debug\voice_recognition_unix.obj
C:\DevSpaces\VSProjects\URemoteServer\CppAPI\Debug\voice_recognition_windows.obj
C:\DevSpaces\VSProjects\URemoteServer\CppAPI\Debug\vr_exception.obj
C:\DevSpaces\VSProjects\URemoteServer\CppAPI\Debug\winsock_helper.obj
C:\DevSpaces\VSProjects\URemoteServer\CppAPI\Debug\cl.command.1.tlog
C:\DevSpaces\VSProjects\URemoteServer\CppAPI\Debug\CL.read.1.tlog
C:\DevSpaces\VSProjects\URemoteServer\CppAPI\Debug\CL.write.1.tlog
C:\DevSpaces\VSProjects\URemoteServer\CppAPI\Debug\Lib-link.read.1.tlog
C:\DevSpaces\VSProjects\URemoteServer\CppAPI\Debug\Lib-link.write.1.tlog
C:\DevSpaces\VSProjects\URemoteServer\CppAPI\Debug\lib.command.1.tlog
C:\DevSpaces\VSProjects\URemoteServer\CppAPI\Debug\vc110.idb
C:\DevSpaces\VSProjects\URemoteServer\CppAPI\Debug\vc110.pdb
C:\DevSpaces\VSProjects\URemoteServer\lib\Debug\CppAPI.lib
